[ 2014-06-09 11:55:19 ] INFO Loading scores 
[ 2014-06-09 11:55:41 ] INFO Logged List: excluded_IDs 
 [ 2014-06-09 11:55:41 ] INFO : 002L 
 [ 2014-06-09 11:55:41 ] INFO : 003L 
 [ 2014-06-09 11:55:41 ] INFO : 004L 
 [ 2014-06-09 11:55:41 ] INFO : 005L 
 [ 2014-06-09 11:55:41 ] INFO : 007L 
 [ 2014-06-09 11:55:41 ] INFO : 008L 
 [ 2014-06-09 11:55:41 ] INFO : 009L 
 [ 2014-06-09 11:55:41 ] INFO : 010L 
 [ 2014-06-09 11:55:41 ] INFO : 026L 
 [ 2014-06-09 11:55:41 ] INFO : 045L 
 [ 2014-06-09 11:55:41 ] INFO : 047L 
 [ 2014-06-09 11:55:41 ] INFO : 048L 
 [ 2014-06-09 11:55:41 ] INFO : 049L 
 [ 2014-06-09 11:55:41 ] INFO : 054L 
 [ 2014-06-09 11:55:41 ] INFO : 059L 
 [ 2014-06-09 11:55:41 ] INFO : 060L 
 [ 2014-06-09 11:55:41 ] INFO : 065L 
 [ 2014-06-09 11:55:41 ] INFO : 070L 
 [ 2014-06-09 11:55:41 ] INFO : 079L 
 [ 2014-06-09 11:55:41 ] INFO : 089L 
 [ 2014-06-09 11:55:41 ] INFO : 091L 
 [ 2014-06-09 11:55:41 ] INFO : 093L 
 [ 2014-06-09 11:55:41 ] INFO : 094L 
 [ 2014-06-09 11:55:41 ] INFO : 102L 
 [ 2014-06-09 11:55:41 ] INFO : 105L 
 [ 2014-06-09 11:55:41 ] INFO : 108L 
 [ 2014-06-09 11:55:41 ] INFO : 115L 
 [ 2014-06-09 11:55:41 ] INFO : 120L 
 [ 2014-06-09 11:55:41 ] INFO : 123L 
 [ 2014-06-09 11:55:41 ] INFO : 125L 
 [ 2014-06-09 11:55:41 ] INFO : 128L 
 [ 2014-06-09 11:55:41 ] INFO : 601L 
 [ 2014-06-09 11:55:41 ] INFO : 602L 
 [ 2014-06-09 11:55:41 ] INFO : 603L 
 [ 2014-06-09 11:55:41 ] INFO : 604L 
 [ 2014-06-09 11:55:41 ] INFO : 605L 
 [ 2014-06-09 11:55:41 ] INFO : 606L 
 [ 2014-06-09 11:55:41 ] INFO : 607L 
 [ 2014-06-09 11:55:41 ] INFO : 608L 
 [ 2014-06-09 11:55:41 ] INFO : 609L 
 [ 2014-06-09 11:55:41 ] INFO : 610L 
 [ 2014-06-09 11:55:41 ] INFO : 611L 
 [ 2014-06-09 11:55:41 ] INFO : 612L 
 [ 2014-06-09 11:55:41 ] INFO : 613L 
 [ 2014-06-09 11:55:41 ] INFO : 614L 
 [ 2014-06-09 11:55:41 ] INFO : 615L 
 [ 2014-06-09 11:55:41 ] INFO : 616L 
 [ 2014-06-09 11:55:41 ] INFO : 617L 
 [ 2014-06-09 11:55:41 ] INFO : 618L 
 [ 2014-06-09 11:55:41 ] INFO : 619L 
 [ 2014-06-09 11:55:41 ] INFO : 620L 
 [ 2014-06-09 11:55:41 ] INFO : 621L 
 [ 2014-06-09 11:55:41 ] INFO : 622L 
 [ 2014-06-09 11:55:41 ] INFO : 623L 
 [ 2014-06-09 11:55:41 ] INFO : 624L 
 [ 2014-06-09 11:55:41 ] INFO : 626L 
 [ 2014-06-09 11:55:41 ] INFO : 635L 
 [ 2014-06-09 11:55:41 ] INFO : 638L 
 [ 2014-06-09 11:55:41 ] INFO : 645L 
 [ 2014-06-09 11:55:41 ] INFO : 647L 
 [ 2014-06-09 11:55:41 ] INFO : 650L 
 [ 2014-06-09 11:55:41 ] INFO : 663L 
 [ 2014-06-09 11:55:41 ] INFO : 665L 
 [ 2014-06-09 11:55:41 ] INFO : 666L 
 [ 2014-06-09 11:55:41 ] INFO : 671L 
 [ 2014-06-09 11:55:41 ] INFO : 676L 
 [ 2014-06-09 11:55:41 ] INFO : 679L 
 [ 2014-06-09 11:55:41 ] INFO : 680L 
 [ 2014-06-09 11:55:41 ] INFO : 681L 
 [ 2014-06-09 11:55:41 ] INFO : 684L 
 [ 2014-06-09 11:55:41 ] INFO : 685L 
 [ 2014-06-09 11:55:41 ] INFO : 686L 
[ 2014-06-09 11:55:42 ] INFO Logged List: no_hours 
 [ 2014-06-09 11:55:42 ] INFO : 013L 
 [ 2014-06-09 11:55:42 ] INFO : 027L 
 [ 2014-06-09 11:55:42 ] INFO : 050L 
 [ 2014-06-09 11:55:42 ] INFO : 066L 
 [ 2014-06-09 11:55:42 ] INFO : 068L 
 [ 2014-06-09 11:55:42 ] INFO : 134L 
 [ 2014-06-09 11:55:42 ] INFO : 637L 
 [ 2014-06-09 11:55:42 ] INFO : 643L 
 [ 2014-06-09 11:55:42 ] INFO : 648L 
 [ 2014-06-09 11:55:42 ] INFO : 649L 
 [ 2014-06-09 11:55:42 ] INFO : 651L 
 [ 2014-06-09 11:55:42 ] INFO : 653L 
 [ 2014-06-09 11:55:42 ] INFO : 662L 
 [ 2014-06-09 11:55:42 ] INFO : 667L 
 [ 2014-06-09 11:55:42 ] INFO : 672L 
 [ 2014-06-09 11:55:42 ] INFO : 677L 
 [ 2014-06-09 11:55:42 ] INFO : 682L 
 [ 2014-06-09 11:55:42 ] INFO : 687L 
 [ 2014-06-09 11:55:42 ] INFO : 688L 
 [ 2014-06-09 11:55:42 ] INFO : 689L 
[ 2014-06-09 11:55:42 ] INFO Logged List: too_few_hours 
 [ 2014-06-09 11:55:42 ] INFO : 017L 
 [ 2014-06-09 11:55:42 ] INFO : 025L 
 [ 2014-06-09 11:55:42 ] INFO : 028L 
 [ 2014-06-09 11:55:42 ] INFO : 035L 
 [ 2014-06-09 11:55:42 ] INFO : 046L 
 [ 2014-06-09 11:55:42 ] INFO : 642L 
 [ 2014-06-09 11:55:42 ] INFO : 646L 
[ 2014-06-09 11:55:42 ] INFO Logged List: score_info 
 [ 2014-06-09 11:55:42 ] INFO minimum_lena_hours: 12 
 [ 2014-06-09 11:55:42 ] INFO output_file: data/scores.csv 
 [ 2014-06-09 11:55:42 ] INFO n_raw: 224 
 [ 2014-06-09 11:55:42 ] INFO n_subjects_included: 152 
 [ 2014-06-09 11:55:42 ] INFO used_lena_from_t21: 002L 
 [ 2014-06-09 11:55:42 ] INFO used_lena_from_t22: 004L 
 [ 2014-06-09 11:55:42 ] INFO used_lena_from_t23: 017L 
 [ 2014-06-09 11:55:42 ] INFO n_lenas_okay: 125 
