[ 2014-06-10 10:44:31 ] INFO Cleaning eyetracking data 
[ 2014-06-10 10:44:31 ] INFO Logged List: clean_gaze_info 
 [ 2014-06-10 10:44:31 ] INFO input_file: data/trials_01_raw.RData 
 [ 2014-06-10 10:44:31 ] INFO missing_data_cutoff: 0.5 
 [ 2014-06-10 10:44:31 ] INFO min_n_trials: 20 
 [ 2014-06-10 10:44:31 ] INFO output_file: data/trials_02_trimmed.RData 
[ 2014-06-10 10:44:38 ] INFO Logged List: headcount_raw 
 [ 2014-06-10 10:44:38 ] INFO n_subjects: 201 
 [ 2014-06-10 10:44:38 ] INFO n_blocks: 377 
 [ 2014-06-10 10:44:38 ] INFO n_trials: 9048 
 [ 2014-06-10 10:44:38 ] INFO avg_prop_na: 0.227 
[ 2014-06-10 10:44:39 ] INFO Logged List: headcount_dropped_trials 
 [ 2014-06-10 10:44:39 ] INFO n_subjects: 201 
 [ 2014-06-10 10:44:39 ] INFO n_blocks: 375 
 [ 2014-06-10 10:44:39 ] INFO n_trials: 7186 
 [ 2014-06-10 10:44:39 ] INFO avg_prop_na: 0.0682 
[ 2014-06-10 10:44:45 ] INFO Logged List: mean_trials 
 [ 2014-06-10 10:44:45 ] INFO mean_trials_per_block: 20.0233918128655 
[ 2014-06-10 10:44:45 ] INFO Logged List: headcount_dropped_subjects 
 [ 2014-06-10 10:44:45 ] INFO n_subjects: 175 
 [ 2014-06-10 10:44:45 ] INFO n_blocks: 342 
 [ 2014-06-10 10:44:45 ] INFO n_trials: 6848 
 [ 2014-06-10 10:44:45 ] INFO avg_prop_na: 0.065 
