[ 2014-06-09 11:55:43 ] INFO Merging scores into looking data 
[ 2014-06-09 11:55:45 ] INFO Logged List: merging 
 [ 2014-06-09 11:55:45 ] INFO output_file: data/merged.RData 
 [ 2014-06-09 11:55:45 ] INFO no_lenas1: 002L 
 [ 2014-06-09 11:55:45 ] INFO no_lenas2: 003L 
 [ 2014-06-09 11:55:45 ] INFO no_lenas3: 004L 
 [ 2014-06-09 11:55:45 ] INFO no_lenas4: 005L 
 [ 2014-06-09 11:55:45 ] INFO no_lenas5: 007L 
 [ 2014-06-09 11:55:45 ] INFO no_lenas6: 008L 
 [ 2014-06-09 11:55:45 ] INFO no_lenas7: 009L 
 [ 2014-06-09 11:55:45 ] INFO no_lenas8: 010L 
 [ 2014-06-09 11:55:45 ] INFO no_lenas9: 013L 
 [ 2014-06-09 11:55:45 ] INFO no_lenas10: 017L 
 [ 2014-06-09 11:55:45 ] INFO no_lenas11: 025L 
 [ 2014-06-09 11:55:45 ] INFO no_lenas12: 026L 
 [ 2014-06-09 11:55:45 ] INFO no_lenas13: 027L 
 [ 2014-06-09 11:55:45 ] INFO no_lenas14: 035L 
 [ 2014-06-09 11:55:45 ] INFO no_lenas15: 045L 
 [ 2014-06-09 11:55:45 ] INFO no_lenas16: 046L 
 [ 2014-06-09 11:55:45 ] INFO no_lenas17: 047L 
 [ 2014-06-09 11:55:45 ] INFO no_lenas18: 049L 
 [ 2014-06-09 11:55:45 ] INFO no_lenas19: 050L 
 [ 2014-06-09 11:55:45 ] INFO no_lenas20: 065L 
 [ 2014-06-09 11:55:45 ] INFO no_lenas21: 068L 
 [ 2014-06-09 11:55:45 ] INFO no_lenas22: 089L 
 [ 2014-06-09 11:55:45 ] INFO no_lenas23: 093L 
 [ 2014-06-09 11:55:45 ] INFO no_lenas24: 094L 
 [ 2014-06-09 11:55:45 ] INFO no_lenas25: 108L 
 [ 2014-06-09 11:55:45 ] INFO no_lenas26: 123L 
 [ 2014-06-09 11:55:45 ] INFO no_lenas27: 125L 
 [ 2014-06-09 11:55:45 ] INFO no_lenas28: 128L 
 [ 2014-06-09 11:55:45 ] INFO no_lenas29: 134L 
 [ 2014-06-09 11:55:45 ] INFO no_lenas30: 601L 
 [ 2014-06-09 11:55:45 ] INFO no_lenas31: 602L 
 [ 2014-06-09 11:55:45 ] INFO no_lenas32: 603L 
 [ 2014-06-09 11:55:45 ] INFO no_lenas33: 604L 
 [ 2014-06-09 11:55:45 ] INFO no_lenas34: 605L 
 [ 2014-06-09 11:55:45 ] INFO no_lenas35: 606L 
 [ 2014-06-09 11:55:45 ] INFO no_lenas36: 607L 
 [ 2014-06-09 11:55:45 ] INFO no_lenas37: 608L 
 [ 2014-06-09 11:55:45 ] INFO no_lenas38: 609L 
 [ 2014-06-09 11:55:45 ] INFO no_lenas39: 610L 
 [ 2014-06-09 11:55:45 ] INFO no_lenas40: 611L 
 [ 2014-06-09 11:55:45 ] INFO no_lenas41: 612L 
 [ 2014-06-09 11:55:45 ] INFO no_lenas42: 613L 
 [ 2014-06-09 11:55:45 ] INFO no_lenas43: 614L 
 [ 2014-06-09 11:55:45 ] INFO no_lenas44: 615L 
 [ 2014-06-09 11:55:45 ] INFO no_lenas45: 616L 
 [ 2014-06-09 11:55:45 ] INFO no_lenas46: 619L 
 [ 2014-06-09 11:55:45 ] INFO no_lenas47: 620L 
 [ 2014-06-09 11:55:45 ] INFO no_lenas48: 621L 
 [ 2014-06-09 11:55:45 ] INFO no_lenas49: 623L 
 [ 2014-06-09 11:55:45 ] INFO no_lenas50: 635L 
 [ 2014-06-09 11:55:45 ] INFO no_lenas51: 642L 
 [ 2014-06-09 11:55:45 ] INFO no_lenas52: 643L 
 [ 2014-06-09 11:55:45 ] INFO no_lenas53: 645L 
 [ 2014-06-09 11:55:45 ] INFO no_lenas54: 651L 
 [ 2014-06-09 11:55:45 ] INFO no_lenas55: 653L 
 [ 2014-06-09 11:55:45 ] INFO no_lenas56: 666L 
 [ 2014-06-09 11:55:45 ] INFO no_lenas57: 667L 
 [ 2014-06-09 11:55:45 ] INFO no_lenas58: 671L 
 [ 2014-06-09 11:55:45 ] INFO no_lenas59: 677L 
 [ 2014-06-09 11:55:45 ] INFO no_lenas60: 679L 
 [ 2014-06-09 11:55:45 ] INFO no_lenas61: 681L 
 [ 2014-06-09 11:55:45 ] INFO no_lenas62: 682L 
 [ 2014-06-09 11:55:45 ] INFO no_lenas63: 685L 
 [ 2014-06-09 11:55:45 ] INFO no_lenas64: 686L 
 [ 2014-06-09 11:55:45 ] INFO no_lenas65: 689L 
 [ 2014-06-09 11:55:45 ] INFO not_in_eyetracking1: 033L 
 [ 2014-06-09 11:55:45 ] INFO not_in_eyetracking2: 037L 
 [ 2014-06-09 11:55:45 ] INFO not_in_eyetracking3: 044L 
 [ 2014-06-09 11:55:45 ] INFO not_in_eyetracking4: 071L 
 [ 2014-06-09 11:55:45 ] INFO not_in_eyetracking5: 127L 
 [ 2014-06-09 11:55:45 ] INFO not_in_eyetracking6: 600L 
 [ 2014-06-09 11:55:45 ] INFO not_in_eyetracking7: 625L 
 [ 2014-06-09 11:55:45 ] INFO not_in_eyetracking8: 627L 
 [ 2014-06-09 11:55:45 ] INFO not_in_eyetracking9: 631L 
 [ 2014-06-09 11:55:45 ] INFO not_in_eyetracking10: 634L 
 [ 2014-06-09 11:55:45 ] INFO not_in_eyetracking11: 636L 
 [ 2014-06-09 11:55:45 ] INFO not_in_eyetracking12: 639L 
 [ 2014-06-09 11:55:45 ] INFO not_in_eyetracking13: 654L 
 [ 2014-06-09 11:55:45 ] INFO not_in_eyetracking14: 661L 
 [ 2014-06-09 11:55:45 ] INFO not_in_eyetracking15: 683L 
 [ 2014-06-09 11:55:45 ] INFO n_subjects: 110 
 [ 2014-06-09 11:55:45 ] INFO n_trials: 4450 
